03-08 00:29:24 955 Thread-1 WARN - [Consumer clientId=consumer-1, groupId=eventConsumer111] Connection to node 2 could not be established. Broker may not be available.
03-08 00:30:41 507 Thread-1 WARN - [Consumer clientId=consumer-1, groupId=eventConsumer111] Connection to node 2 could not be established. Broker may not be available.
03-08 00:31:58 025 Thread-1 WARN - [Consumer clientId=consumer-1, groupId=eventConsumer111] Connection to node 2 could not be established. Broker may not be available.
03-08 00:33:14 463 Thread-1 WARN - [Consumer clientId=consumer-1, groupId=eventConsumer111] Connection to node 2 could not be established. Broker may not be available.
03-08 00:34:30 670 Thread-1 WARN - [Consumer clientId=consumer-1, groupId=eventConsumer111] Connection to node 2 could not be established. Broker may not be available.
03-08 00:35:46 838 Thread-1 WARN - [Consumer clientId=consumer-1, groupId=eventConsumer111] Connection to node 2 could not be established. Broker may not be available.
03-08 00:37:03 438 Thread-1 WARN - [Consumer clientId=consumer-1, groupId=eventConsumer111] Connection to node 2 could not be established. Broker may not be available.
03-08 00:38:20 095 Thread-1 WARN - [Consumer clientId=consumer-1, groupId=eventConsumer111] Connection to node 2 could not be established. Broker may not be available.
03-08 00:39:36 374 Thread-1 WARN - [Consumer clientId=consumer-1, groupId=eventConsumer111] Connection to node 2 could not be established. Broker may not be available.
03-08 00:40:52 765 Thread-1 WARN - [Consumer clientId=consumer-1, groupId=eventConsumer111] Connection to node 2 could not be established. Broker may not be available.
03-08 00:42:09 242 Thread-1 WARN - [Consumer clientId=consumer-1, groupId=eventConsumer111] Connection to node 2 could not be established. Broker may not be available.
03-08 00:43:25 714 Thread-1 WARN - [Consumer clientId=consumer-1, groupId=eventConsumer111] Connection to node 2 could not be established. Broker may not be available.
03-08 00:44:42 052 Thread-1 WARN - [Consumer clientId=consumer-1, groupId=eventConsumer111] Connection to node 2 could not be established. Broker may not be available.
03-08 00:45:58 430 Thread-1 WARN - [Consumer clientId=consumer-1, groupId=eventConsumer111] Connection to node 2 could not be established. Broker may not be available.
03-08 00:47:14 771 Thread-1 WARN - [Consumer clientId=consumer-1, groupId=eventConsumer111] Connection to node 2 could not be established. Broker may not be available.
03-08 00:48:31 256 Thread-1 WARN - [Consumer clientId=consumer-1, groupId=eventConsumer111] Connection to node 2 could not be established. Broker may not be available.
03-08 00:49:47 812 Thread-1 WARN - [Consumer clientId=consumer-1, groupId=eventConsumer111] Connection to node 2 could not be established. Broker may not be available.
03-08 00:51:04 445 Thread-1 WARN - [Consumer clientId=consumer-1, groupId=eventConsumer111] Connection to node 2 could not be established. Broker may not be available.
03-08 00:52:20 792 Thread-1 WARN - [Consumer clientId=consumer-1, groupId=eventConsumer111] Connection to node 2 could not be established. Broker may not be available.
03-08 00:53:37 303 Thread-1 WARN - [Consumer clientId=consumer-1, groupId=eventConsumer111] Connection to node 2 could not be established. Broker may not be available.
03-08 00:54:53 743 Thread-1 WARN - [Consumer clientId=consumer-1, groupId=eventConsumer111] Connection to node 2 could not be established. Broker may not be available.
03-08 00:56:09 984 Thread-1 WARN - [Consumer clientId=consumer-1, groupId=eventConsumer111] Connection to node 2 could not be established. Broker may not be available.
03-08 00:57:26 307 Thread-1 WARN - [Consumer clientId=consumer-1, groupId=eventConsumer111] Connection to node 2 could not be established. Broker may not be available.
03-08 00:58:42 586 Thread-1 WARN - [Consumer clientId=consumer-1, groupId=eventConsumer111] Connection to node 2 could not be established. Broker may not be available.
03-08 00:59:58 990 Thread-1 WARN - [Consumer clientId=consumer-1, groupId=eventConsumer111] Connection to node 2 could not be established. Broker may not be available.
03-08 01:01:15 339 Thread-1 WARN - [Consumer clientId=consumer-1, groupId=eventConsumer111] Connection to node 2 could not be established. Broker may not be available.
03-08 01:02:31 801 Thread-1 WARN - [Consumer clientId=consumer-1, groupId=eventConsumer111] Connection to node 2 could not be established. Broker may not be available.
03-08 01:03:48 033 Thread-1 WARN - [Consumer clientId=consumer-1, groupId=eventConsumer111] Connection to node 2 could not be established. Broker may not be available.
03-08 01:05:04 514 Thread-1 WARN - [Consumer clientId=consumer-1, groupId=eventConsumer111] Connection to node 2 could not be established. Broker may not be available.
03-08 01:06:20 693 Thread-1 WARN - [Consumer clientId=consumer-1, groupId=eventConsumer111] Connection to node 2 could not be established. Broker may not be available.
03-08 01:07:37 032 Thread-1 WARN - [Consumer clientId=consumer-1, groupId=eventConsumer111] Connection to node 2 could not be established. Broker may not be available.
03-08 01:08:53 214 Thread-1 WARN - [Consumer clientId=consumer-1, groupId=eventConsumer111] Connection to node 2 could not be established. Broker may not be available.
03-08 01:10:09 522 Thread-1 WARN - [Consumer clientId=consumer-1, groupId=eventConsumer111] Connection to node 2 could not be established. Broker may not be available.
03-08 01:11:25 792 Thread-1 WARN - [Consumer clientId=consumer-1, groupId=eventConsumer111] Connection to node 2 could not be established. Broker may not be available.
03-08 01:12:42 186 Thread-1 WARN - [Consumer clientId=consumer-1, groupId=eventConsumer111] Connection to node 2 could not be established. Broker may not be available.
03-08 01:13:58 447 Thread-1 WARN - [Consumer clientId=consumer-1, groupId=eventConsumer111] Connection to node 2 could not be established. Broker may not be available.
03-08 01:15:15 178 Thread-1 WARN - [Consumer clientId=consumer-1, groupId=eventConsumer111] Connection to node 2 could not be established. Broker may not be available.
03-08 01:17:40 527 main INFO - [KafkaConsumer] [init] kafkaConnect(127.0.0.1:9092) groupId(eventConsumer111) topic(Binlog)
03-08 01:17:40 573 main INFO - ConsumerConfig values: 
	auto.commit.interval.ms = 5000
	auto.offset.reset = latest
	bootstrap.servers = [127.0.0.1:9092]
	check.crcs = true
	client.id = 
	connections.max.idle.ms = 540000
	enable.auto.commit = false
	exclude.internal.topics = true
	fetch.max.bytes = 52428800
	fetch.max.wait.ms = 500
	fetch.min.bytes = 1
	group.id = eventConsumer111
	heartbeat.interval.ms = 3000
	interceptor.classes = null
	internal.leave.group.on.close = true
	isolation.level = read_uncommitted
	key.deserializer = class org.apache.kafka.common.serialization.IntegerDeserializer
	max.partition.fetch.bytes = 1048576
	max.poll.interval.ms = 300000
	max.poll.records = 500
	metadata.max.age.ms = 300000
	metric.reporters = []
	metrics.num.samples = 2
	metrics.recording.level = INFO
	metrics.sample.window.ms = 30000
	partition.assignment.strategy = [class org.apache.kafka.clients.consumer.RangeAssignor]
	receive.buffer.bytes = 65536
	reconnect.backoff.max.ms = 1000
	reconnect.backoff.ms = 50
	request.timeout.ms = 305000
	retry.backoff.ms = 100
	sasl.jaas.config = null
	sasl.kerberos.kinit.cmd = /usr/bin/kinit
	sasl.kerberos.min.time.before.relogin = 60000
	sasl.kerberos.service.name = null
	sasl.kerberos.ticket.renew.jitter = 0.05
	sasl.kerberos.ticket.renew.window.factor = 0.8
	sasl.mechanism = GSSAPI
	security.protocol = PLAINTEXT
	send.buffer.bytes = 131072
	session.timeout.ms = 10000
	ssl.cipher.suites = null
	ssl.enabled.protocols = [TLSv1.2, TLSv1.1, TLSv1]
	ssl.endpoint.identification.algorithm = null
	ssl.key.password = null
	ssl.keymanager.algorithm = SunX509
	ssl.keystore.location = null
	ssl.keystore.password = null
	ssl.keystore.type = JKS
	ssl.protocol = TLS
	ssl.provider = null
	ssl.secure.random.implementation = null
	ssl.trustmanager.algorithm = PKIX
	ssl.truststore.location = null
	ssl.truststore.password = null
	ssl.truststore.type = JKS
	value.deserializer = class org.apache.kafka.common.serialization.ByteArrayDeserializer

03-08 01:17:40 832 main INFO - Kafka version : 1.0.0
03-08 01:17:40 832 main INFO - Kafka commitId : aaa7af6d4a11b29d
03-08 01:17:40 834 main INFO - there are 1 methods have @BinlogListener on This bean 
03-08 01:17:40 841 main INFO - ready to start consumer ,event consumer size 0, binlog consumer size 1
03-08 01:17:40 843 Thread-1 INFO - [KafkaConsumer][eventConsumer111:Binlog][run] 
03-08 01:17:40 855 main INFO - Spring服务启动成功!
03-08 01:17:41 083 Thread-1 INFO - [Consumer clientId=consumer-1, groupId=eventConsumer111] Discovered coordinator 192.168.1.103:9092 (id: 2147483645 rack: null)
03-08 01:17:41 088 Thread-1 INFO - [Consumer clientId=consumer-1, groupId=eventConsumer111] Revoking previously assigned partitions []
03-08 01:17:41 089 Thread-1 INFO - [Consumer clientId=consumer-1, groupId=eventConsumer111] (Re-)joining group
03-08 01:17:41 187 Thread-1 INFO - [Consumer clientId=consumer-1, groupId=eventConsumer111] Successfully joined group with generation 24
03-08 01:17:41 189 Thread-1 INFO - [Consumer clientId=consumer-1, groupId=eventConsumer111] Setting newly assigned partitions [Binlog-0]
03-08 01:18:14 195 Thread-1 INFO - receive message,ready to process, topic: Binlog ,partition: 0 ,offset: 28
03-08 01:19:48 521 main INFO - [KafkaConsumer] [init] kafkaConnect(127.0.0.1:9092) groupId(eventConsumer111) topic(Binlog)
03-08 01:19:48 584 main INFO - ConsumerConfig values: 
	auto.commit.interval.ms = 5000
	auto.offset.reset = latest
	bootstrap.servers = [127.0.0.1:9092]
	check.crcs = true
	client.id = 
	connections.max.idle.ms = 540000
	enable.auto.commit = false
	exclude.internal.topics = true
	fetch.max.bytes = 52428800
	fetch.max.wait.ms = 500
	fetch.min.bytes = 1
	group.id = eventConsumer111
	heartbeat.interval.ms = 3000
	interceptor.classes = null
	internal.leave.group.on.close = true
	isolation.level = read_uncommitted
	key.deserializer = class org.apache.kafka.common.serialization.IntegerDeserializer
	max.partition.fetch.bytes = 1048576
	max.poll.interval.ms = 300000
	max.poll.records = 500
	metadata.max.age.ms = 300000
	metric.reporters = []
	metrics.num.samples = 2
	metrics.recording.level = INFO
	metrics.sample.window.ms = 30000
	partition.assignment.strategy = [class org.apache.kafka.clients.consumer.RangeAssignor]
	receive.buffer.bytes = 65536
	reconnect.backoff.max.ms = 1000
	reconnect.backoff.ms = 50
	request.timeout.ms = 305000
	retry.backoff.ms = 100
	sasl.jaas.config = null
	sasl.kerberos.kinit.cmd = /usr/bin/kinit
	sasl.kerberos.min.time.before.relogin = 60000
	sasl.kerberos.service.name = null
	sasl.kerberos.ticket.renew.jitter = 0.05
	sasl.kerberos.ticket.renew.window.factor = 0.8
	sasl.mechanism = GSSAPI
	security.protocol = PLAINTEXT
	send.buffer.bytes = 131072
	session.timeout.ms = 10000
	ssl.cipher.suites = null
	ssl.enabled.protocols = [TLSv1.2, TLSv1.1, TLSv1]
	ssl.endpoint.identification.algorithm = null
	ssl.key.password = null
	ssl.keymanager.algorithm = SunX509
	ssl.keystore.location = null
	ssl.keystore.password = null
	ssl.keystore.type = JKS
	ssl.protocol = TLS
	ssl.provider = null
	ssl.secure.random.implementation = null
	ssl.trustmanager.algorithm = PKIX
	ssl.truststore.location = null
	ssl.truststore.password = null
	ssl.truststore.type = JKS
	value.deserializer = class org.apache.kafka.common.serialization.ByteArrayDeserializer

03-08 01:19:48 868 main INFO - Kafka version : 1.0.0
03-08 01:19:48 868 main INFO - Kafka commitId : aaa7af6d4a11b29d
03-08 01:19:48 870 main INFO - there are 1 methods have @BinlogListener on This bean 
03-08 01:19:48 872 main INFO - ready to start consumer ,event consumer size 0, binlog consumer size 1
03-08 01:19:48 874 Thread-1 INFO - [KafkaConsumer][eventConsumer111:Binlog][run] 
03-08 01:19:48 882 main INFO - Spring服务启动成功!
03-08 01:19:49 052 Thread-1 INFO - [Consumer clientId=consumer-1, groupId=eventConsumer111] Discovered coordinator 192.168.1.103:9092 (id: 2147483645 rack: null)
03-08 01:19:49 056 Thread-1 INFO - [Consumer clientId=consumer-1, groupId=eventConsumer111] Revoking previously assigned partitions []
03-08 01:19:49 056 Thread-1 INFO - [Consumer clientId=consumer-1, groupId=eventConsumer111] (Re-)joining group
03-08 01:19:53 546 Thread-1 INFO - [Consumer clientId=consumer-1, groupId=eventConsumer111] Successfully joined group with generation 25
03-08 01:19:53 547 Thread-1 INFO - [Consumer clientId=consumer-1, groupId=eventConsumer111] Setting newly assigned partitions [Binlog-0]
03-08 01:19:53 590 Thread-1 INFO - receive message,ready to process, topic: Binlog ,partition: 0 ,offset: 28
03-08 01:21:57 105 main INFO - [KafkaConsumer] [init] kafkaConnect(127.0.0.1:9092) groupId(eventConsumer111) topic(Binlog)
03-08 01:21:57 159 main INFO - ConsumerConfig values: 
	auto.commit.interval.ms = 5000
	auto.offset.reset = latest
	bootstrap.servers = [127.0.0.1:9092]
	check.crcs = true
	client.id = 
	connections.max.idle.ms = 540000
	enable.auto.commit = false
	exclude.internal.topics = true
	fetch.max.bytes = 52428800
	fetch.max.wait.ms = 500
	fetch.min.bytes = 1
	group.id = eventConsumer111
	heartbeat.interval.ms = 3000
	interceptor.classes = null
	internal.leave.group.on.close = true
	isolation.level = read_uncommitted
	key.deserializer = class org.apache.kafka.common.serialization.IntegerDeserializer
	max.partition.fetch.bytes = 1048576
	max.poll.interval.ms = 300000
	max.poll.records = 500
	metadata.max.age.ms = 300000
	metric.reporters = []
	metrics.num.samples = 2
	metrics.recording.level = INFO
	metrics.sample.window.ms = 30000
	partition.assignment.strategy = [class org.apache.kafka.clients.consumer.RangeAssignor]
	receive.buffer.bytes = 65536
	reconnect.backoff.max.ms = 1000
	reconnect.backoff.ms = 50
	request.timeout.ms = 305000
	retry.backoff.ms = 100
	sasl.jaas.config = null
	sasl.kerberos.kinit.cmd = /usr/bin/kinit
	sasl.kerberos.min.time.before.relogin = 60000
	sasl.kerberos.service.name = null
	sasl.kerberos.ticket.renew.jitter = 0.05
	sasl.kerberos.ticket.renew.window.factor = 0.8
	sasl.mechanism = GSSAPI
	security.protocol = PLAINTEXT
	send.buffer.bytes = 131072
	session.timeout.ms = 10000
	ssl.cipher.suites = null
	ssl.enabled.protocols = [TLSv1.2, TLSv1.1, TLSv1]
	ssl.endpoint.identification.algorithm = null
	ssl.key.password = null
	ssl.keymanager.algorithm = SunX509
	ssl.keystore.location = null
	ssl.keystore.password = null
	ssl.keystore.type = JKS
	ssl.protocol = TLS
	ssl.provider = null
	ssl.secure.random.implementation = null
	ssl.trustmanager.algorithm = PKIX
	ssl.truststore.location = null
	ssl.truststore.password = null
	ssl.truststore.type = JKS
	value.deserializer = class org.apache.kafka.common.serialization.ByteArrayDeserializer

03-08 01:21:57 317 main INFO - Kafka version : 1.0.0
03-08 01:21:57 318 main INFO - Kafka commitId : aaa7af6d4a11b29d
03-08 01:21:57 322 main INFO - there are 1 methods have @BinlogListener on This bean 
03-08 01:21:57 325 main INFO - ready to start consumer ,event consumer size 0, binlog consumer size 1
03-08 01:21:59 664 Thread-1 INFO - [KafkaConsumer][eventConsumer111:Binlog][run] 
03-08 01:21:59 677 main INFO - Spring服务启动成功!
03-08 01:21:59 897 Thread-1 INFO - [Consumer clientId=consumer-1, groupId=eventConsumer111] Discovered coordinator 192.168.1.103:9092 (id: 2147483645 rack: null)
03-08 01:21:59 902 Thread-1 INFO - [Consumer clientId=consumer-1, groupId=eventConsumer111] Revoking previously assigned partitions []
03-08 01:21:59 903 Thread-1 INFO - [Consumer clientId=consumer-1, groupId=eventConsumer111] (Re-)joining group
03-08 01:21:59 917 Thread-1 INFO - [Consumer clientId=consumer-1, groupId=eventConsumer111] Successfully joined group with generation 27
03-08 01:21:59 919 Thread-1 INFO - [Consumer clientId=consumer-1, groupId=eventConsumer111] Setting newly assigned partitions [Binlog-0]
03-08 01:21:59 963 Thread-1 INFO - receive message,ready to process, topic: Binlog ,partition: 0 ,offset: 28
03-08 01:23:17 864 main INFO - [KafkaConsumer] [init] kafkaConnect(127.0.0.1:9092) groupId(eventConsumer111) topic(Binlog)
03-08 01:23:17 934 main INFO - ConsumerConfig values: 
	auto.commit.interval.ms = 5000
	auto.offset.reset = latest
	bootstrap.servers = [127.0.0.1:9092]
	check.crcs = true
	client.id = 
	connections.max.idle.ms = 540000
	enable.auto.commit = false
	exclude.internal.topics = true
	fetch.max.bytes = 52428800
	fetch.max.wait.ms = 500
	fetch.min.bytes = 1
	group.id = eventConsumer111
	heartbeat.interval.ms = 3000
	interceptor.classes = null
	internal.leave.group.on.close = true
	isolation.level = read_uncommitted
	key.deserializer = class org.apache.kafka.common.serialization.IntegerDeserializer
	max.partition.fetch.bytes = 1048576
	max.poll.interval.ms = 300000
	max.poll.records = 500
	metadata.max.age.ms = 300000
	metric.reporters = []
	metrics.num.samples = 2
	metrics.recording.level = INFO
	metrics.sample.window.ms = 30000
	partition.assignment.strategy = [class org.apache.kafka.clients.consumer.RangeAssignor]
	receive.buffer.bytes = 65536
	reconnect.backoff.max.ms = 1000
	reconnect.backoff.ms = 50
	request.timeout.ms = 305000
	retry.backoff.ms = 100
	sasl.jaas.config = null
	sasl.kerberos.kinit.cmd = /usr/bin/kinit
	sasl.kerberos.min.time.before.relogin = 60000
	sasl.kerberos.service.name = null
	sasl.kerberos.ticket.renew.jitter = 0.05
	sasl.kerberos.ticket.renew.window.factor = 0.8
	sasl.mechanism = GSSAPI
	security.protocol = PLAINTEXT
	send.buffer.bytes = 131072
	session.timeout.ms = 10000
	ssl.cipher.suites = null
	ssl.enabled.protocols = [TLSv1.2, TLSv1.1, TLSv1]
	ssl.endpoint.identification.algorithm = null
	ssl.key.password = null
	ssl.keymanager.algorithm = SunX509
	ssl.keystore.location = null
	ssl.keystore.password = null
	ssl.keystore.type = JKS
	ssl.protocol = TLS
	ssl.provider = null
	ssl.secure.random.implementation = null
	ssl.trustmanager.algorithm = PKIX
	ssl.truststore.location = null
	ssl.truststore.password = null
	ssl.truststore.type = JKS
	value.deserializer = class org.apache.kafka.common.serialization.ByteArrayDeserializer

03-08 01:23:18 124 main INFO - Kafka version : 1.0.0
03-08 01:23:18 124 main INFO - Kafka commitId : aaa7af6d4a11b29d
03-08 01:23:18 126 main INFO - there are 1 methods have @BinlogListener on This bean 
03-08 01:23:18 127 main INFO - ready to start consumer ,event consumer size 0, binlog consumer size 1
03-08 01:23:19 683 Thread-1 INFO - [KafkaConsumer][eventConsumer111:Binlog][run] 
03-08 01:23:19 704 main INFO - Spring服务启动成功!
03-08 01:23:19 856 Thread-1 INFO - [Consumer clientId=consumer-1, groupId=eventConsumer111] Discovered coordinator 192.168.1.103:9092 (id: 2147483645 rack: null)
03-08 01:23:19 861 Thread-1 INFO - [Consumer clientId=consumer-1, groupId=eventConsumer111] Revoking previously assigned partitions []
03-08 01:23:19 862 Thread-1 INFO - [Consumer clientId=consumer-1, groupId=eventConsumer111] (Re-)joining group
03-08 01:23:19 902 Thread-1 INFO - [Consumer clientId=consumer-1, groupId=eventConsumer111] Successfully joined group with generation 29
03-08 01:23:19 904 Thread-1 INFO - [Consumer clientId=consumer-1, groupId=eventConsumer111] Setting newly assigned partitions [Binlog-0]
03-08 01:23:19 980 Thread-1 INFO - receive message,ready to process, topic: Binlog ,partition: 0 ,offset: 28
03-08 01:23:33 946 kafka-coordinator-heartbeat-thread | eventConsumer111 INFO - [Consumer clientId=consumer-1, groupId=eventConsumer111] Marking the coordinator 192.168.1.103:9092 (id: 2147483645 rack: null) dead
03-08 01:23:41 436 kafka-coordinator-heartbeat-thread | eventConsumer111 INFO - [Consumer clientId=consumer-1, groupId=eventConsumer111] Discovered coordinator 192.168.1.103:9092 (id: 2147483645 rack: null)
03-08 01:27:49 470 main INFO - Refreshing org.springframework.context.support.ClassPathXmlApplicationContext@1184ab05: startup date [Thu Mar 08 01:27:49 CST 2018]; root of context hierarchy
03-08 01:27:49 532 main INFO - Loading XML bean definitions from class path resource [springContext.xml]
03-08 01:28:03 270 main INFO - [KafkaConsumer] [init] kafkaConnect(127.0.0.1:9092) groupId(eventConsumer111) topic(Binlog)
03-08 01:28:03 309 main INFO - ConsumerConfig values: 
	auto.commit.interval.ms = 5000
	auto.offset.reset = latest
	bootstrap.servers = [127.0.0.1:9092]
	check.crcs = true
	client.id = 
	connections.max.idle.ms = 540000
	enable.auto.commit = false
	exclude.internal.topics = true
	fetch.max.bytes = 52428800
	fetch.max.wait.ms = 500
	fetch.min.bytes = 1
	group.id = eventConsumer111
	heartbeat.interval.ms = 3000
	interceptor.classes = null
	internal.leave.group.on.close = true
	isolation.level = read_uncommitted
	key.deserializer = class org.apache.kafka.common.serialization.IntegerDeserializer
	max.partition.fetch.bytes = 1048576
	max.poll.interval.ms = 300000
	max.poll.records = 500
	metadata.max.age.ms = 300000
	metric.reporters = []
	metrics.num.samples = 2
	metrics.recording.level = INFO
	metrics.sample.window.ms = 30000
	partition.assignment.strategy = [class org.apache.kafka.clients.consumer.RangeAssignor]
	receive.buffer.bytes = 65536
	reconnect.backoff.max.ms = 1000
	reconnect.backoff.ms = 50
	request.timeout.ms = 305000
	retry.backoff.ms = 100
	sasl.jaas.config = null
	sasl.kerberos.kinit.cmd = /usr/bin/kinit
	sasl.kerberos.min.time.before.relogin = 60000
	sasl.kerberos.service.name = null
	sasl.kerberos.ticket.renew.jitter = 0.05
	sasl.kerberos.ticket.renew.window.factor = 0.8
	sasl.mechanism = GSSAPI
	security.protocol = PLAINTEXT
	send.buffer.bytes = 131072
	session.timeout.ms = 10000
	ssl.cipher.suites = null
	ssl.enabled.protocols = [TLSv1.2, TLSv1.1, TLSv1]
	ssl.endpoint.identification.algorithm = null
	ssl.key.password = null
	ssl.keymanager.algorithm = SunX509
	ssl.keystore.location = null
	ssl.keystore.password = null
	ssl.keystore.type = JKS
	ssl.protocol = TLS
	ssl.provider = null
	ssl.secure.random.implementation = null
	ssl.trustmanager.algorithm = PKIX
	ssl.truststore.location = null
	ssl.truststore.password = null
	ssl.truststore.type = JKS
	value.deserializer = class org.apache.kafka.common.serialization.ByteArrayDeserializer

03-08 01:28:03 534 main INFO - Kafka version : 1.0.0
03-08 01:28:03 534 main INFO - Kafka commitId : aaa7af6d4a11b29d
03-08 01:28:03 535 main INFO - there are 1 methods have @BinlogListener on This bean 
03-08 01:28:03 537 main INFO - ready to start consumer ,event consumer size 0, binlog consumer size 1
03-08 01:28:08 384 Thread-0 INFO - [KafkaConsumer][eventConsumer111:Binlog][run] 
03-08 01:28:08 393 main INFO - Spring服务启动成功!
03-08 01:28:08 690 Thread-0 INFO - [Consumer clientId=consumer-1, groupId=eventConsumer111] Discovered coordinator 192.168.1.103:9092 (id: 2147483645 rack: null)
03-08 01:28:08 693 Thread-0 INFO - [Consumer clientId=consumer-1, groupId=eventConsumer111] Revoking previously assigned partitions []
03-08 01:28:08 693 Thread-0 INFO - [Consumer clientId=consumer-1, groupId=eventConsumer111] (Re-)joining group
03-08 01:28:08 716 Thread-0 INFO - [Consumer clientId=consumer-1, groupId=eventConsumer111] Successfully joined group with generation 31
03-08 01:28:08 721 Thread-0 INFO - [Consumer clientId=consumer-1, groupId=eventConsumer111] Setting newly assigned partitions [Binlog-0]
03-08 01:28:08 780 Thread-0 INFO - receive message,ready to process, topic: Binlog ,partition: 0 ,offset: 28
03-08 01:28:37 975 Thread-0 ERROR - [KafkaConsumer][eventConsumer111:Binlog][run] argument type mismatch
java.lang.IllegalArgumentException: argument type mismatch
	at sun.reflect.NativeMethodAccessorImpl.invoke0(Native Method) ~[na:1.8.0_161]
	at sun.reflect.NativeMethodAccessorImpl.invoke(NativeMethodAccessorImpl.java:62) ~[na:1.8.0_161]
	at sun.reflect.DelegatingMethodAccessorImpl.invoke(DelegatingMethodAccessorImpl.java:43) ~[na:1.8.0_161]
	at java.lang.reflect.Method.invoke(Method.java:498) ~[na:1.8.0_161]
	at com.today.eventbus.BinlogKafkaConsumer.dealMessage(BinlogKafkaConsumer.java:100) ~[event-bus_2.12-0.1-SNAPSHOT.jar:0.1-SNAPSHOT]
	at com.today.eventbus.BinlogKafkaConsumer.run(BinlogKafkaConsumer.java:81) ~[event-bus_2.12-0.1-SNAPSHOT.jar:0.1-SNAPSHOT]
03-08 01:28:51 865 kafka-coordinator-heartbeat-thread | eventConsumer111 INFO - [Consumer clientId=consumer-1, groupId=eventConsumer111] Marking the coordinator 192.168.1.103:9092 (id: 2147483645 rack: null) dead
03-08 01:28:51 874 kafka-coordinator-heartbeat-thread | eventConsumer111 INFO - [Consumer clientId=consumer-1, groupId=eventConsumer111] Marking the coordinator 192.168.1.103:9092 (id: 2147483645 rack: null) dead
03-08 01:28:51 877 Thread-0 INFO - [Consumer clientId=consumer-1, groupId=eventConsumer111] Discovered coordinator 192.168.1.103:9092 (id: 2147483645 rack: null)
03-08 01:28:51 877 Thread-0 INFO - [Consumer clientId=consumer-1, groupId=eventConsumer111] Marking the coordinator 192.168.1.103:9092 (id: 2147483645 rack: null) dead
03-08 01:29:23 480 main INFO - Refreshing org.springframework.context.support.ClassPathXmlApplicationContext@735b5592: startup date [Thu Mar 08 01:29:23 CST 2018]; root of context hierarchy
03-08 01:29:23 587 main INFO - Loading XML bean definitions from class path resource [springContext.xml]
03-08 01:29:23 932 main INFO - [KafkaConsumer] [init] kafkaConnect(127.0.0.1:9092) groupId(eventConsumer111) topic(Binlog)
03-08 01:29:23 956 main INFO - ConsumerConfig values: 
	auto.commit.interval.ms = 5000
	auto.offset.reset = latest
	bootstrap.servers = [127.0.0.1:9092]
	check.crcs = true
	client.id = 
	connections.max.idle.ms = 540000
	enable.auto.commit = false
	exclude.internal.topics = true
	fetch.max.bytes = 52428800
	fetch.max.wait.ms = 500
	fetch.min.bytes = 1
	group.id = eventConsumer111
	heartbeat.interval.ms = 3000
	interceptor.classes = null
	internal.leave.group.on.close = true
	isolation.level = read_uncommitted
	key.deserializer = class org.apache.kafka.common.serialization.IntegerDeserializer
	max.partition.fetch.bytes = 1048576
	max.poll.interval.ms = 300000
	max.poll.records = 500
	metadata.max.age.ms = 300000
	metric.reporters = []
	metrics.num.samples = 2
	metrics.recording.level = INFO
	metrics.sample.window.ms = 30000
	partition.assignment.strategy = [class org.apache.kafka.clients.consumer.RangeAssignor]
	receive.buffer.bytes = 65536
	reconnect.backoff.max.ms = 1000
	reconnect.backoff.ms = 50
	request.timeout.ms = 305000
	retry.backoff.ms = 100
	sasl.jaas.config = null
	sasl.kerberos.kinit.cmd = /usr/bin/kinit
	sasl.kerberos.min.time.before.relogin = 60000
	sasl.kerberos.service.name = null
	sasl.kerberos.ticket.renew.jitter = 0.05
	sasl.kerberos.ticket.renew.window.factor = 0.8
	sasl.mechanism = GSSAPI
	security.protocol = PLAINTEXT
	send.buffer.bytes = 131072
	session.timeout.ms = 10000
	ssl.cipher.suites = null
	ssl.enabled.protocols = [TLSv1.2, TLSv1.1, TLSv1]
	ssl.endpoint.identification.algorithm = null
	ssl.key.password = null
	ssl.keymanager.algorithm = SunX509
	ssl.keystore.location = null
	ssl.keystore.password = null
	ssl.keystore.type = JKS
	ssl.protocol = TLS
	ssl.provider = null
	ssl.secure.random.implementation = null
	ssl.trustmanager.algorithm = PKIX
	ssl.truststore.location = null
	ssl.truststore.password = null
	ssl.truststore.type = JKS
	value.deserializer = class org.apache.kafka.common.serialization.ByteArrayDeserializer

03-08 01:29:24 283 main INFO - Kafka version : 1.0.0
03-08 01:29:24 284 main INFO - Kafka commitId : aaa7af6d4a11b29d
03-08 01:29:24 285 main INFO - there are 1 methods have @BinlogListener on This bean 
03-08 01:29:24 287 main INFO - ready to start consumer ,event consumer size 0, binlog consumer size 1
03-08 01:29:24 289 Thread-0 INFO - [KafkaConsumer][eventConsumer111:Binlog][run] 
03-08 01:29:24 298 main INFO - Spring服务启动成功!
03-08 01:29:24 445 Thread-0 INFO - [Consumer clientId=consumer-1, groupId=eventConsumer111] Discovered coordinator 192.168.1.103:9092 (id: 2147483645 rack: null)
03-08 01:29:24 448 Thread-0 INFO - [Consumer clientId=consumer-1, groupId=eventConsumer111] Revoking previously assigned partitions []
03-08 01:29:24 449 Thread-0 INFO - [Consumer clientId=consumer-1, groupId=eventConsumer111] (Re-)joining group
03-08 01:29:24 475 Thread-0 INFO - [Consumer clientId=consumer-1, groupId=eventConsumer111] Successfully joined group with generation 33
03-08 01:29:24 477 Thread-0 INFO - [Consumer clientId=consumer-1, groupId=eventConsumer111] Setting newly assigned partitions [Binlog-0]
03-08 01:29:24 527 Thread-0 INFO - receive message,ready to process, topic: Binlog ,partition: 0 ,offset: 28
03-08 01:29:25 221 Thread-0 INFO - invoke message end ,bean: com.today.event.consumer.EventConsumer@7c75e528, method: public void com.today.event.consumer.EventConsumer.binlogListener(java.util.List)
03-08 01:29:25 221 Thread-0 INFO - receive message,ready to process, topic: Binlog ,partition: 0 ,offset: 29
03-08 01:29:25 223 Thread-0 INFO - invoke message end ,bean: com.today.event.consumer.EventConsumer@7c75e528, method: public void com.today.event.consumer.EventConsumer.binlogListener(java.util.List)
03-08 01:29:25 224 Thread-0 INFO - receive message,ready to process, topic: Binlog ,partition: 0 ,offset: 30
03-08 01:29:25 226 Thread-0 INFO - invoke message end ,bean: com.today.event.consumer.EventConsumer@7c75e528, method: public void com.today.event.consumer.EventConsumer.binlogListener(java.util.List)
03-08 01:33:05 156 Thread-0 INFO - [Consumer clientId=consumer-1, groupId=eventConsumer111] Marking the coordinator 192.168.1.103:9092 (id: 2147483645 rack: null) dead
03-08 01:33:05 210 Thread-0 WARN - [Consumer clientId=consumer-1, groupId=eventConsumer111] Connection to node 2 could not be established. Broker may not be available.
03-08 01:33:05 371 Thread-0 WARN - [Consumer clientId=consumer-1, groupId=eventConsumer111] Connection to node 2 could not be established. Broker may not be available.
03-08 01:33:05 589 Thread-0 WARN - [Consumer clientId=consumer-1, groupId=eventConsumer111] Connection to node 2 could not be established. Broker may not be available.
03-08 01:33:06 073 Thread-0 WARN - [Consumer clientId=consumer-1, groupId=eventConsumer111] Connection to node 2 could not be established. Broker may not be available.
03-08 01:33:06 764 Thread-0 WARN - [Consumer clientId=consumer-1, groupId=eventConsumer111] Connection to node 2 could not be established. Broker may not be available.
03-08 01:33:07 774 Thread-0 WARN - [Consumer clientId=consumer-1, groupId=eventConsumer111] Connection to node 2 could not be established. Broker may not be available.
03-08 01:33:08 725 Thread-0 WARN - [Consumer clientId=consumer-1, groupId=eventConsumer111] Connection to node 2 could not be established. Broker may not be available.
03-08 01:33:09 686 Thread-0 WARN - [Consumer clientId=consumer-1, groupId=eventConsumer111] Connection to node 2 could not be established. Broker may not be available.
03-08 01:33:10 643 Thread-0 WARN - [Consumer clientId=consumer-1, groupId=eventConsumer111] Connection to node 2 could not be established. Broker may not be available.
03-08 01:33:11 548 Thread-0 WARN - [Consumer clientId=consumer-1, groupId=eventConsumer111] Connection to node 2 could not be established. Broker may not be available.
03-08 01:33:12 616 Thread-0 WARN - [Consumer clientId=consumer-1, groupId=eventConsumer111] Connection to node 2 could not be established. Broker may not be available.
03-08 01:33:13 710 Thread-0 WARN - [Consumer clientId=consumer-1, groupId=eventConsumer111] Connection to node 2 could not be established. Broker may not be available.
03-08 01:33:14 709 Thread-0 WARN - [Consumer clientId=consumer-1, groupId=eventConsumer111] Connection to node 2 could not be established. Broker may not be available.
03-08 01:33:15 662 Thread-0 WARN - [Consumer clientId=consumer-1, groupId=eventConsumer111] Connection to node 2 could not be established. Broker may not be available.
03-08 01:33:16 632 Thread-0 WARN - [Consumer clientId=consumer-1, groupId=eventConsumer111] Connection to node 2 could not be established. Broker may not be available.
03-08 01:33:17 476 Thread-0 WARN - [Consumer clientId=consumer-1, groupId=eventConsumer111] Connection to node 2 could not be established. Broker may not be available.
03-08 01:33:18 494 Thread-0 WARN - [Consumer clientId=consumer-1, groupId=eventConsumer111] Connection to node 2 could not be established. Broker may not be available.
03-08 01:33:19 593 Thread-0 WARN - [Consumer clientId=consumer-1, groupId=eventConsumer111] Connection to node 2 could not be established. Broker may not be available.
03-08 01:33:20 511 Thread-0 WARN - [Consumer clientId=consumer-1, groupId=eventConsumer111] Connection to node 2 could not be established. Broker may not be available.
03-08 01:33:21 638 Thread-0 WARN - [Consumer clientId=consumer-1, groupId=eventConsumer111] Connection to node 2 could not be established. Broker may not be available.
03-08 01:33:22 490 Thread-0 WARN - [Consumer clientId=consumer-1, groupId=eventConsumer111] Connection to node 2 could not be established. Broker may not be available.
03-08 01:33:23 513 Thread-0 WARN - [Consumer clientId=consumer-1, groupId=eventConsumer111] Connection to node 2 could not be established. Broker may not be available.
03-08 01:33:24 711 Thread-0 WARN - [Consumer clientId=consumer-1, groupId=eventConsumer111] Connection to node 2 could not be established. Broker may not be available.
03-08 01:33:25 963 Thread-0 WARN - [Consumer clientId=consumer-1, groupId=eventConsumer111] Connection to node 2 could not be established. Broker may not be available.
03-08 01:33:26 786 Thread-0 WARN - [Consumer clientId=consumer-1, groupId=eventConsumer111] Connection to node 2 could not be established. Broker may not be available.
03-08 01:33:27 984 Thread-0 WARN - [Consumer clientId=consumer-1, groupId=eventConsumer111] Connection to node 2 could not be established. Broker may not be available.
03-08 01:33:28 866 Thread-0 WARN - [Consumer clientId=consumer-1, groupId=eventConsumer111] Connection to node 2 could not be established. Broker may not be available.
03-08 01:33:29 874 Thread-0 WARN - [Consumer clientId=consumer-1, groupId=eventConsumer111] Connection to node 2 could not be established. Broker may not be available.
03-08 01:33:31 059 Thread-0 WARN - [Consumer clientId=consumer-1, groupId=eventConsumer111] Connection to node 2 could not be established. Broker may not be available.
03-08 01:33:32 097 Thread-0 WARN - [Consumer clientId=consumer-1, groupId=eventConsumer111] Connection to node 2 could not be established. Broker may not be available.
03-08 01:33:32 929 Thread-0 WARN - [Consumer clientId=consumer-1, groupId=eventConsumer111] Connection to node 2 could not be established. Broker may not be available.
03-08 01:33:33 777 Thread-0 WARN - [Consumer clientId=consumer-1, groupId=eventConsumer111] Connection to node 2 could not be established. Broker may not be available.
03-08 01:33:34 732 Thread-0 WARN - [Consumer clientId=consumer-1, groupId=eventConsumer111] Connection to node 2 could not be established. Broker may not be available.
03-08 01:33:35 861 Thread-0 WARN - [Consumer clientId=consumer-1, groupId=eventConsumer111] Connection to node 2 could not be established. Broker may not be available.
03-08 01:33:37 034 Thread-0 WARN - [Consumer clientId=consumer-1, groupId=eventConsumer111] Connection to node 2 could not be established. Broker may not be available.
03-08 01:48:39 169 Thread-0 WARN - [Consumer clientId=consumer-1, groupId=eventConsumer111] Connection to node 2 could not be established. Broker may not be available.
03-08 01:48:40 158 Thread-0 WARN - [Consumer clientId=consumer-1, groupId=eventConsumer111] Connection to node 2 could not be established. Broker may not be available.
03-08 01:48:41 303 Thread-0 WARN - [Consumer clientId=consumer-1, groupId=eventConsumer111] Connection to node 2 could not be established. Broker may not be available.
03-08 01:48:42 487 Thread-0 WARN - [Consumer clientId=consumer-1, groupId=eventConsumer111] Connection to node 2 could not be established. Broker may not be available.
03-08 01:48:43 388 Thread-0 WARN - [Consumer clientId=consumer-1, groupId=eventConsumer111] Connection to node 2 could not be established. Broker may not be available.
03-08 01:48:44 514 Thread-0 WARN - [Consumer clientId=consumer-1, groupId=eventConsumer111] Connection to node 2 could not be established. Broker may not be available.
03-08 01:48:45 574 Thread-0 WARN - [Consumer clientId=consumer-1, groupId=eventConsumer111] Connection to node 2 could not be established. Broker may not be available.
03-08 01:48:46 770 Thread-0 WARN - [Consumer clientId=consumer-1, groupId=eventConsumer111] Connection to node 2 could not be established. Broker may not be available.
03-08 01:48:47 878 Thread-0 WARN - [Consumer clientId=consumer-1, groupId=eventConsumer111] Connection to node 2 could not be established. Broker may not be available.
03-08 01:48:48 769 Thread-0 WARN - [Consumer clientId=consumer-1, groupId=eventConsumer111] Connection to node 2 could not be established. Broker may not be available.
03-08 03:20:49 054 Thread-0 WARN - [Consumer clientId=consumer-1, groupId=eventConsumer111] Connection to node 2 could not be established. Broker may not be available.
03-08 03:20:49 761 Thread-0 WARN - [Consumer clientId=consumer-1, groupId=eventConsumer111] Connection to node 2 could not be established. Broker may not be available.
03-08 03:20:50 839 Thread-0 WARN - [Consumer clientId=consumer-1, groupId=eventConsumer111] Connection to node 2 could not be established. Broker may not be available.
03-08 03:20:51 704 Thread-0 WARN - [Consumer clientId=consumer-1, groupId=eventConsumer111] Connection to node 2 could not be established. Broker may not be available.
03-08 03:20:52 688 Thread-0 WARN - [Consumer clientId=consumer-1, groupId=eventConsumer111] Connection to node 2 could not be established. Broker may not be available.
03-08 03:20:53 784 Thread-0 WARN - [Consumer clientId=consumer-1, groupId=eventConsumer111] Connection to node 2 could not be established. Broker may not be available.
03-08 03:20:54 798 Thread-0 WARN - [Consumer clientId=consumer-1, groupId=eventConsumer111] Connection to node 2 could not be established. Broker may not be available.
03-08 03:20:55 800 Thread-0 WARN - [Consumer clientId=consumer-1, groupId=eventConsumer111] Connection to node 2 could not be established. Broker may not be available.
03-08 03:20:56 815 Thread-0 WARN - [Consumer clientId=consumer-1, groupId=eventConsumer111] Connection to node 2 could not be established. Broker may not be available.
03-08 03:20:57 715 Thread-0 WARN - [Consumer clientId=consumer-1, groupId=eventConsumer111] Connection to node 2 could not be established. Broker may not be available.
03-08 03:20:58 677 Thread-0 WARN - [Consumer clientId=consumer-1, groupId=eventConsumer111] Connection to node 2 could not be established. Broker may not be available.
03-08 03:20:59 583 Thread-0 WARN - [Consumer clientId=consumer-1, groupId=eventConsumer111] Connection to node 2 could not be established. Broker may not be available.
03-08 05:08:53 568 Thread-0 WARN - [Consumer clientId=consumer-1, groupId=eventConsumer111] Connection to node 2 could not be established. Broker may not be available.
03-08 05:08:54 452 Thread-0 WARN - [Consumer clientId=consumer-1, groupId=eventConsumer111] Connection to node 2 could not be established. Broker may not be available.
03-08 05:08:55 361 Thread-0 WARN - [Consumer clientId=consumer-1, groupId=eventConsumer111] Connection to node 2 could not be established. Broker may not be available.
03-08 05:08:56 360 Thread-0 WARN - [Consumer clientId=consumer-1, groupId=eventConsumer111] Connection to node 2 could not be established. Broker may not be available.
03-08 05:08:57 248 Thread-0 WARN - [Consumer clientId=consumer-1, groupId=eventConsumer111] Connection to node 2 could not be established. Broker may not be available.
03-08 05:08:58 463 Thread-0 WARN - [Consumer clientId=consumer-1, groupId=eventConsumer111] Connection to node 2 could not be established. Broker may not be available.
03-08 05:08:59 431 Thread-0 WARN - [Consumer clientId=consumer-1, groupId=eventConsumer111] Connection to node 2 could not be established. Broker may not be available.
03-08 05:09:00 256 Thread-0 WARN - [Consumer clientId=consumer-1, groupId=eventConsumer111] Connection to node 2 could not be established. Broker may not be available.
03-08 05:09:01 285 Thread-0 WARN - [Consumer clientId=consumer-1, groupId=eventConsumer111] Connection to node 2 could not be established. Broker may not be available.
03-08 05:09:02 403 Thread-0 WARN - [Consumer clientId=consumer-1, groupId=eventConsumer111] Connection to node 2 could not be established. Broker may not be available.
03-08 05:09:03 239 Thread-0 WARN - [Consumer clientId=consumer-1, groupId=eventConsumer111] Connection to node 2 could not be established. Broker may not be available.
03-08 05:09:04 156 Thread-0 WARN - [Consumer clientId=consumer-1, groupId=eventConsumer111] Connection to node 2 could not be established. Broker may not be available.
03-08 06:56:58 429 Thread-0 WARN - [Consumer clientId=consumer-1, groupId=eventConsumer111] Connection to node 2 could not be established. Broker may not be available.
03-08 06:56:59 596 Thread-0 WARN - [Consumer clientId=consumer-1, groupId=eventConsumer111] Connection to node 2 could not be established. Broker may not be available.
03-08 06:57:00 530 Thread-0 WARN - [Consumer clientId=consumer-1, groupId=eventConsumer111] Connection to node 2 could not be established. Broker may not be available.
03-08 06:57:01 351 Thread-0 WARN - [Consumer clientId=consumer-1, groupId=eventConsumer111] Connection to node 2 could not be established. Broker may not be available.
03-08 06:57:02 173 Thread-0 WARN - [Consumer clientId=consumer-1, groupId=eventConsumer111] Connection to node 2 could not be established. Broker may not be available.
03-08 06:57:03 111 Thread-0 WARN - [Consumer clientId=consumer-1, groupId=eventConsumer111] Connection to node 2 could not be established. Broker may not be available.
03-08 06:57:04 089 Thread-0 WARN - [Consumer clientId=consumer-1, groupId=eventConsumer111] Connection to node 2 could not be established. Broker may not be available.
03-08 06:57:05 246 Thread-0 WARN - [Consumer clientId=consumer-1, groupId=eventConsumer111] Connection to node 2 could not be established. Broker may not be available.
03-08 06:57:06 304 Thread-0 WARN - [Consumer clientId=consumer-1, groupId=eventConsumer111] Connection to node 2 could not be established. Broker may not be available.
03-08 06:57:07 148 Thread-0 WARN - [Consumer clientId=consumer-1, groupId=eventConsumer111] Connection to node 2 could not be established. Broker may not be available.
03-08 06:57:07 972 Thread-0 WARN - [Consumer clientId=consumer-1, groupId=eventConsumer111] Connection to node 2 could not be established. Broker may not be available.
03-08 06:57:09 033 Thread-0 WARN - [Consumer clientId=consumer-1, groupId=eventConsumer111] Connection to node 2 could not be established. Broker may not be available.
03-08 07:27:35 555 Thread-0 WARN - [Consumer clientId=consumer-1, groupId=eventConsumer111] Connection to node 2 could not be established. Broker may not be available.
03-08 07:27:36 580 Thread-0 WARN - [Consumer clientId=consumer-1, groupId=eventConsumer111] Connection to node 2 could not be established. Broker may not be available.
03-08 07:27:37 550 Thread-0 WARN - [Consumer clientId=consumer-1, groupId=eventConsumer111] Connection to node 2 could not be established. Broker may not be available.
03-08 07:27:38 635 Thread-0 WARN - [Consumer clientId=consumer-1, groupId=eventConsumer111] Connection to node 2 could not be established. Broker may not be available.
03-08 07:27:39 668 Thread-0 WARN - [Consumer clientId=consumer-1, groupId=eventConsumer111] Connection to node 2 could not be established. Broker may not be available.
03-08 07:27:40 614 Thread-0 WARN - [Consumer clientId=consumer-1, groupId=eventConsumer111] Connection to node 2 could not be established. Broker may not be available.
03-08 07:27:41 818 Thread-0 WARN - [Consumer clientId=consumer-1, groupId=eventConsumer111] Connection to node 2 could not be established. Broker may not be available.
03-08 07:27:42 930 Thread-0 WARN - [Consumer clientId=consumer-1, groupId=eventConsumer111] Connection to node 2 could not be established. Broker may not be available.
03-08 07:27:44 088 Thread-0 WARN - [Consumer clientId=consumer-1, groupId=eventConsumer111] Connection to node 2 could not be established. Broker may not be available.
03-08 07:27:45 135 Thread-0 WARN - [Consumer clientId=consumer-1, groupId=eventConsumer111] Connection to node 2 could not be established. Broker may not be available.
03-08 07:27:46 286 Thread-0 WARN - [Consumer clientId=consumer-1, groupId=eventConsumer111] Connection to node 2 could not be established. Broker may not be available.
03-08 07:27:47 281 Thread-0 WARN - [Consumer clientId=consumer-1, groupId=eventConsumer111] Connection to node 2 could not be established. Broker may not be available.
03-08 07:27:48 427 Thread-0 WARN - [Consumer clientId=consumer-1, groupId=eventConsumer111] Connection to node 2 could not be established. Broker may not be available.
03-08 07:27:49 371 Thread-0 WARN - [Consumer clientId=consumer-1, groupId=eventConsumer111] Connection to node 2 could not be established. Broker may not be available.
03-08 07:27:50 555 Thread-0 WARN - [Consumer clientId=consumer-1, groupId=eventConsumer111] Connection to node 2 could not be established. Broker may not be available.
03-08 07:27:51 764 Thread-0 WARN - [Consumer clientId=consumer-1, groupId=eventConsumer111] Connection to node 2 could not be established. Broker may not be available.
03-08 07:27:52 607 Thread-0 WARN - [Consumer clientId=consumer-1, groupId=eventConsumer111] Connection to node 2 could not be established. Broker may not be available.
03-08 07:27:53 708 Thread-0 WARN - [Consumer clientId=consumer-1, groupId=eventConsumer111] Connection to node 2 could not be established. Broker may not be available.
03-08 07:27:54 594 Thread-0 WARN - [Consumer clientId=consumer-1, groupId=eventConsumer111] Connection to node 2 could not be established. Broker may not be available.
03-08 07:27:55 560 Thread-0 WARN - [Consumer clientId=consumer-1, groupId=eventConsumer111] Connection to node 2 could not be established. Broker may not be available.
03-08 07:27:56 755 Thread-0 WARN - [Consumer clientId=consumer-1, groupId=eventConsumer111] Connection to node 2 could not be established. Broker may not be available.
03-08 07:27:57 620 Thread-0 WARN - [Consumer clientId=consumer-1, groupId=eventConsumer111] Connection to node 2 could not be established. Broker may not be available.
03-08 07:27:58 470 Thread-0 WARN - [Consumer clientId=consumer-1, groupId=eventConsumer111] Connection to node 2 could not be established. Broker may not be available.
03-08 07:27:59 477 Thread-0 WARN - [Consumer clientId=consumer-1, groupId=eventConsumer111] Connection to node 2 could not be established. Broker may not be available.
03-08 07:28:00 611 Thread-0 WARN - [Consumer clientId=consumer-1, groupId=eventConsumer111] Connection to node 2 could not be established. Broker may not be available.
03-08 07:28:01 810 Thread-0 WARN - [Consumer clientId=consumer-1, groupId=eventConsumer111] Connection to node 2 could not be established. Broker may not be available.
03-08 07:28:02 780 Thread-0 WARN - [Consumer clientId=consumer-1, groupId=eventConsumer111] Connection to node 2 could not be established. Broker may not be available.
03-08 07:28:03 843 Thread-0 WARN - [Consumer clientId=consumer-1, groupId=eventConsumer111] Connection to node 2 could not be established. Broker may not be available.
03-08 07:28:04 977 Thread-0 WARN - [Consumer clientId=consumer-1, groupId=eventConsumer111] Connection to node 2 could not be established. Broker may not be available.
03-08 07:28:06 026 Thread-0 WARN - [Consumer clientId=consumer-1, groupId=eventConsumer111] Connection to node 2 could not be established. Broker may not be available.
03-08 07:28:06 976 Thread-0 WARN - [Consumer clientId=consumer-1, groupId=eventConsumer111] Connection to node 2 could not be established. Broker may not be available.
03-08 07:28:07 966 Thread-0 WARN - [Consumer clientId=consumer-1, groupId=eventConsumer111] Connection to node 2 could not be established. Broker may not be available.
03-08 07:28:09 096 Thread-0 WARN - [Consumer clientId=consumer-1, groupId=eventConsumer111] Connection to node 2 could not be established. Broker may not be available.
03-08 07:28:10 226 Thread-0 WARN - [Consumer clientId=consumer-1, groupId=eventConsumer111] Connection to node 2 could not be established. Broker may not be available.
03-08 07:28:11 393 Thread-0 WARN - [Consumer clientId=consumer-1, groupId=eventConsumer111] Connection to node 2 could not be established. Broker may not be available.
03-08 08:44:24 645 Thread-0 WARN - [Consumer clientId=consumer-1, groupId=eventConsumer111] Connection to node 2 could not be established. Broker may not be available.
03-08 08:56:15 394 Thread-0 WARN - [Consumer clientId=consumer-1, groupId=eventConsumer111] Connection to node 2 could not be established. Broker may not be available.
03-08 08:56:22 701 Thread-0 WARN - [Consumer clientId=consumer-1, groupId=eventConsumer111] Connection to node 2 could not be established. Broker may not be available.
03-08 09:11:18 676 Thread-0 WARN - [Consumer clientId=consumer-1, groupId=eventConsumer111] Connection to node 2 could not be established. Broker may not be available.
03-08 09:11:42 530 Thread-0 WARN - [Consumer clientId=consumer-1, groupId=eventConsumer111] Connection to node 2 could not be established. Broker may not be available.
03-08 09:11:49 934 Thread-0 WARN - [Consumer clientId=consumer-1, groupId=eventConsumer111] Connection to node 2 could not be established. Broker may not be available.
03-08 09:11:57 033 Thread-0 WARN - [Consumer clientId=consumer-1, groupId=eventConsumer111] Connection to node 2 could not be established. Broker may not be available.
03-08 09:12:03 994 Thread-0 WARN - [Consumer clientId=consumer-1, groupId=eventConsumer111] Connection to node 2 could not be established. Broker may not be available.
03-08 09:12:11 226 Thread-0 WARN - [Consumer clientId=consumer-1, groupId=eventConsumer111] Connection to node 2 could not be established. Broker may not be available.
03-08 09:12:18 459 Thread-0 WARN - [Consumer clientId=consumer-1, groupId=eventConsumer111] Connection to node 2 could not be established. Broker may not be available.
03-08 09:12:27 646 Thread-0 WARN - [Consumer clientId=consumer-1, groupId=eventConsumer111] Connection to node 2 could not be established. Broker may not be available.
03-08 09:12:34 731 Thread-0 WARN - [Consumer clientId=consumer-1, groupId=eventConsumer111] Connection to node 2 could not be established. Broker may not be available.
03-08 09:12:41 690 Thread-0 WARN - [Consumer clientId=consumer-1, groupId=eventConsumer111] Connection to node 2 could not be established. Broker may not be available.
03-08 09:12:48 760 Thread-0 WARN - [Consumer clientId=consumer-1, groupId=eventConsumer111] Connection to node 2 could not be established. Broker may not be available.
03-08 09:12:55 812 Thread-0 WARN - [Consumer clientId=consumer-1, groupId=eventConsumer111] Connection to node 2 could not be established. Broker may not be available.
03-08 09:13:02 976 Thread-0 WARN - [Consumer clientId=consumer-1, groupId=eventConsumer111] Connection to node 2 could not be established. Broker may not be available.
03-08 09:13:10 035 Thread-0 WARN - [Consumer clientId=consumer-1, groupId=eventConsumer111] Connection to node 2 could not be established. Broker may not be available.
03-08 09:13:16 892 Thread-0 WARN - [Consumer clientId=consumer-1, groupId=eventConsumer111] Connection to node 2 could not be established. Broker may not be available.
03-08 09:13:23 851 Thread-0 WARN - [Consumer clientId=consumer-1, groupId=eventConsumer111] Connection to node 2 could not be established. Broker may not be available.
03-08 09:13:31 025 Thread-0 WARN - [Consumer clientId=consumer-1, groupId=eventConsumer111] Connection to node 2 could not be established. Broker may not be available.
03-08 09:13:38 179 Thread-0 WARN - [Consumer clientId=consumer-1, groupId=eventConsumer111] Connection to node 2 could not be established. Broker may not be available.
03-08 09:13:45 206 Thread-0 WARN - [Consumer clientId=consumer-1, groupId=eventConsumer111] Connection to node 2 could not be established. Broker may not be available.
03-08 09:13:52 507 Thread-0 WARN - [Consumer clientId=consumer-1, groupId=eventConsumer111] Connection to node 2 could not be established. Broker may not be available.
03-08 09:13:59 464 Thread-0 WARN - [Consumer clientId=consumer-1, groupId=eventConsumer111] Connection to node 2 could not be established. Broker may not be available.
03-08 09:14:06 424 Thread-0 WARN - [Consumer clientId=consumer-1, groupId=eventConsumer111] Connection to node 2 could not be established. Broker may not be available.
03-08 09:14:13 485 Thread-0 WARN - [Consumer clientId=consumer-1, groupId=eventConsumer111] Connection to node 2 could not be established. Broker may not be available.
03-08 09:14:20 545 Thread-0 WARN - [Consumer clientId=consumer-1, groupId=eventConsumer111] Connection to node 2 could not be established. Broker may not be available.
03-08 09:14:27 506 Thread-0 WARN - [Consumer clientId=consumer-1, groupId=eventConsumer111] Connection to node 2 could not be established. Broker may not be available.
03-08 09:14:34 399 Thread-0 WARN - [Consumer clientId=consumer-1, groupId=eventConsumer111] Connection to node 2 could not be established. Broker may not be available.
03-08 09:14:41 330 Thread-0 WARN - [Consumer clientId=consumer-1, groupId=eventConsumer111] Connection to node 2 could not be established. Broker may not be available.
03-08 09:14:48 213 Thread-0 WARN - [Consumer clientId=consumer-1, groupId=eventConsumer111] Connection to node 2 could not be established. Broker may not be available.
03-08 09:14:55 129 Thread-0 WARN - [Consumer clientId=consumer-1, groupId=eventConsumer111] Connection to node 2 could not be established. Broker may not be available.
03-08 09:15:02 400 Thread-0 WARN - [Consumer clientId=consumer-1, groupId=eventConsumer111] Connection to node 2 could not be established. Broker may not be available.
03-08 09:15:09 464 Thread-0 WARN - [Consumer clientId=consumer-1, groupId=eventConsumer111] Connection to node 2 could not be established. Broker may not be available.
03-08 09:15:16 525 Thread-0 WARN - [Consumer clientId=consumer-1, groupId=eventConsumer111] Connection to node 2 could not be established. Broker may not be available.
03-08 09:15:23 688 Thread-0 WARN - [Consumer clientId=consumer-1, groupId=eventConsumer111] Connection to node 2 could not be established. Broker may not be available.
03-08 09:15:30 734 Thread-0 WARN - [Consumer clientId=consumer-1, groupId=eventConsumer111] Connection to node 2 could not be established. Broker may not be available.
03-08 09:15:37 841 Thread-0 WARN - [Consumer clientId=consumer-1, groupId=eventConsumer111] Connection to node 2 could not be established. Broker may not be available.
03-08 09:15:44 774 Thread-0 WARN - [Consumer clientId=consumer-1, groupId=eventConsumer111] Connection to node 2 could not be established. Broker may not be available.
03-08 09:15:51 933 Thread-0 WARN - [Consumer clientId=consumer-1, groupId=eventConsumer111] Connection to node 2 could not be established. Broker may not be available.
03-08 09:15:59 402 Thread-0 WARN - [Consumer clientId=consumer-1, groupId=eventConsumer111] Connection to node 2 could not be established. Broker may not be available.
03-08 09:16:06 648 Thread-0 WARN - [Consumer clientId=consumer-1, groupId=eventConsumer111] Connection to node 2 could not be established. Broker may not be available.
03-08 09:16:13 830 Thread-0 WARN - [Consumer clientId=consumer-1, groupId=eventConsumer111] Connection to node 2 could not be established. Broker may not be available.
03-08 09:16:20 995 Thread-0 WARN - [Consumer clientId=consumer-1, groupId=eventConsumer111] Connection to node 2 could not be established. Broker may not be available.
03-08 09:16:28 167 Thread-0 WARN - [Consumer clientId=consumer-1, groupId=eventConsumer111] Connection to node 2 could not be established. Broker may not be available.
03-08 09:16:35 222 Thread-0 WARN - [Consumer clientId=consumer-1, groupId=eventConsumer111] Connection to node 2 could not be established. Broker may not be available.
03-08 09:16:42 797 Thread-0 WARN - [Consumer clientId=consumer-1, groupId=eventConsumer111] Connection to node 2 could not be established. Broker may not be available.
03-08 09:16:50 855 Thread-0 WARN - [Consumer clientId=consumer-1, groupId=eventConsumer111] Connection to node 2 could not be established. Broker may not be available.
03-08 09:16:56 989 Thread-0 WARN - [Consumer clientId=consumer-1, groupId=eventConsumer111] Connection to node 2 could not be established. Broker may not be available.
03-08 09:17:04 195 Thread-0 WARN - [Consumer clientId=consumer-1, groupId=eventConsumer111] Connection to node 2 could not be established. Broker may not be available.
03-08 09:17:12 448 Thread-0 WARN - [Consumer clientId=consumer-1, groupId=eventConsumer111] Connection to node 2 could not be established. Broker may not be available.
03-08 09:17:18 488 Thread-0 WARN - [Consumer clientId=consumer-1, groupId=eventConsumer111] Connection to node 2 could not be established. Broker may not be available.
03-08 09:17:24 545 Thread-0 WARN - [Consumer clientId=consumer-1, groupId=eventConsumer111] Connection to node 2 could not be established. Broker may not be available.
03-08 09:17:31 507 Thread-0 WARN - [Consumer clientId=consumer-1, groupId=eventConsumer111] Connection to node 2 could not be established. Broker may not be available.
03-08 09:17:38 443 Thread-0 WARN - [Consumer clientId=consumer-1, groupId=eventConsumer111] Connection to node 2 could not be established. Broker may not be available.
03-08 09:17:45 423 Thread-0 WARN - [Consumer clientId=consumer-1, groupId=eventConsumer111] Connection to node 2 could not be established. Broker may not be available.
03-08 09:17:52 384 Thread-0 WARN - [Consumer clientId=consumer-1, groupId=eventConsumer111] Connection to node 2 could not be established. Broker may not be available.
03-08 09:17:59 548 Thread-0 WARN - [Consumer clientId=consumer-1, groupId=eventConsumer111] Connection to node 2 could not be established. Broker may not be available.
03-08 09:18:06 711 Thread-0 WARN - [Consumer clientId=consumer-1, groupId=eventConsumer111] Connection to node 2 could not be established. Broker may not be available.
03-08 09:18:13 728 Thread-0 WARN - [Consumer clientId=consumer-1, groupId=eventConsumer111] Connection to node 2 could not be established. Broker may not be available.
03-08 09:18:20 832 Thread-0 WARN - [Consumer clientId=consumer-1, groupId=eventConsumer111] Connection to node 2 could not be established. Broker may not be available.
03-08 09:18:27 893 Thread-0 WARN - [Consumer clientId=consumer-1, groupId=eventConsumer111] Connection to node 2 could not be established. Broker may not be available.
03-08 09:18:34 854 Thread-0 WARN - [Consumer clientId=consumer-1, groupId=eventConsumer111] Connection to node 2 could not be established. Broker may not be available.
03-08 09:18:41 914 Thread-0 WARN - [Consumer clientId=consumer-1, groupId=eventConsumer111] Connection to node 2 could not be established. Broker may not be available.
03-08 09:18:49 076 Thread-0 WARN - [Consumer clientId=consumer-1, groupId=eventConsumer111] Connection to node 2 could not be established. Broker may not be available.
03-08 09:18:56 035 Thread-0 WARN - [Consumer clientId=consumer-1, groupId=eventConsumer111] Connection to node 2 could not be established. Broker may not be available.
03-08 09:19:03 136 Thread-0 WARN - [Consumer clientId=consumer-1, groupId=eventConsumer111] Connection to node 2 could not be established. Broker may not be available.
03-08 09:19:10 028 Thread-0 WARN - [Consumer clientId=consumer-1, groupId=eventConsumer111] Connection to node 2 could not be established. Broker may not be available.
03-08 09:19:17 117 Thread-0 WARN - [Consumer clientId=consumer-1, groupId=eventConsumer111] Connection to node 2 could not be established. Broker may not be available.
03-08 09:19:24 114 Thread-0 WARN - [Consumer clientId=consumer-1, groupId=eventConsumer111] Connection to node 2 could not be established. Broker may not be available.
03-08 09:19:31 138 Thread-0 WARN - [Consumer clientId=consumer-1, groupId=eventConsumer111] Connection to node 2 could not be established. Broker may not be available.
03-08 09:19:38 096 Thread-0 WARN - [Consumer clientId=consumer-1, groupId=eventConsumer111] Connection to node 2 could not be established. Broker may not be available.
03-08 09:19:45 000 Thread-0 WARN - [Consumer clientId=consumer-1, groupId=eventConsumer111] Connection to node 2 could not be established. Broker may not be available.
03-08 09:19:52 013 Thread-0 WARN - [Consumer clientId=consumer-1, groupId=eventConsumer111] Connection to node 2 could not be established. Broker may not be available.
03-08 09:19:58 979 Thread-0 WARN - [Consumer clientId=consumer-1, groupId=eventConsumer111] Connection to node 2 could not be established. Broker may not be available.
03-08 09:20:06 137 Thread-0 WARN - [Consumer clientId=consumer-1, groupId=eventConsumer111] Connection to node 2 could not be established. Broker may not be available.
03-08 09:20:13 056 Thread-0 WARN - [Consumer clientId=consumer-1, groupId=eventConsumer111] Connection to node 2 could not be established. Broker may not be available.
03-08 09:20:20 362 Thread-0 WARN - [Consumer clientId=consumer-1, groupId=eventConsumer111] Connection to node 2 could not be established. Broker may not be available.
03-08 09:20:27 594 Thread-0 WARN - [Consumer clientId=consumer-1, groupId=eventConsumer111] Connection to node 2 could not be established. Broker may not be available.
03-08 09:20:35 515 Thread-0 WARN - [Consumer clientId=consumer-1, groupId=eventConsumer111] Connection to node 2 could not be established. Broker may not be available.
03-08 09:20:42 682 Thread-0 WARN - [Consumer clientId=consumer-1, groupId=eventConsumer111] Connection to node 2 could not be established. Broker may not be available.
03-08 09:20:49 732 Thread-0 WARN - [Consumer clientId=consumer-1, groupId=eventConsumer111] Connection to node 2 could not be established. Broker may not be available.
03-08 09:20:56 725 Thread-0 WARN - [Consumer clientId=consumer-1, groupId=eventConsumer111] Connection to node 2 could not be established. Broker may not be available.
03-08 09:21:03 580 Thread-0 WARN - [Consumer clientId=consumer-1, groupId=eventConsumer111] Connection to node 2 could not be established. Broker may not be available.
03-08 09:21:10 506 Thread-0 WARN - [Consumer clientId=consumer-1, groupId=eventConsumer111] Connection to node 2 could not be established. Broker may not be available.
03-08 09:21:17 565 Thread-0 WARN - [Consumer clientId=consumer-1, groupId=eventConsumer111] Connection to node 2 could not be established. Broker may not be available.
03-08 09:21:24 729 Thread-0 WARN - [Consumer clientId=consumer-1, groupId=eventConsumer111] Connection to node 2 could not be established. Broker may not be available.
03-08 09:21:31 772 Thread-0 WARN - [Consumer clientId=consumer-1, groupId=eventConsumer111] Connection to node 2 could not be established. Broker may not be available.
03-08 09:21:38 649 Thread-0 WARN - [Consumer clientId=consumer-1, groupId=eventConsumer111] Connection to node 2 could not be established. Broker may not be available.
03-08 09:21:45 813 Thread-0 WARN - [Consumer clientId=consumer-1, groupId=eventConsumer111] Connection to node 2 could not be established. Broker may not be available.
03-08 09:21:52 834 Thread-0 WARN - [Consumer clientId=consumer-1, groupId=eventConsumer111] Connection to node 2 could not be established. Broker may not be available.
03-08 09:21:59 730 Thread-0 WARN - [Consumer clientId=consumer-1, groupId=eventConsumer111] Connection to node 2 could not be established. Broker may not be available.
03-08 09:22:06 996 Thread-0 WARN - [Consumer clientId=consumer-1, groupId=eventConsumer111] Connection to node 2 could not be established. Broker may not be available.
03-08 09:22:13 953 Thread-0 WARN - [Consumer clientId=consumer-1, groupId=eventConsumer111] Connection to node 2 could not be established. Broker may not be available.
03-08 09:22:20 911 Thread-0 WARN - [Consumer clientId=consumer-1, groupId=eventConsumer111] Connection to node 2 could not be established. Broker may not be available.
03-08 09:22:28 177 Thread-0 WARN - [Consumer clientId=consumer-1, groupId=eventConsumer111] Connection to node 2 could not be established. Broker may not be available.
03-08 09:22:35 249 Thread-0 WARN - [Consumer clientId=consumer-1, groupId=eventConsumer111] Connection to node 2 could not be established. Broker may not be available.
03-08 09:22:42 206 Thread-0 WARN - [Consumer clientId=consumer-1, groupId=eventConsumer111] Connection to node 2 could not be established. Broker may not be available.
03-08 09:22:49 260 Thread-0 WARN - [Consumer clientId=consumer-1, groupId=eventConsumer111] Connection to node 2 could not be established. Broker may not be available.
03-08 09:22:56 221 Thread-0 WARN - [Consumer clientId=consumer-1, groupId=eventConsumer111] Connection to node 2 could not be established. Broker may not be available.
03-08 09:23:03 169 Thread-0 WARN - [Consumer clientId=consumer-1, groupId=eventConsumer111] Connection to node 2 could not be established. Broker may not be available.
03-08 09:48:40 304 main INFO - Refreshing org.springframework.context.support.ClassPathXmlApplicationContext@735b5592: startup date [Thu Mar 08 09:48:40 CST 2018]; root of context hierarchy
03-08 09:48:40 390 main INFO - Loading XML bean definitions from class path resource [springContext.xml]
03-08 09:48:40 845 main INFO - [KafkaConsumer] [init] kafkaConnect(127.0.0.1:9092) groupId(eventConsumer111) topic(Binlog)
03-08 09:48:40 876 main INFO - ConsumerConfig values: 
	auto.commit.interval.ms = 5000
	auto.offset.reset = latest
	bootstrap.servers = [127.0.0.1:9092]
	check.crcs = true
	client.id = 
	connections.max.idle.ms = 540000
	enable.auto.commit = false
	exclude.internal.topics = true
	fetch.max.bytes = 52428800
	fetch.max.wait.ms = 500
	fetch.min.bytes = 1
	group.id = eventConsumer111
	heartbeat.interval.ms = 3000
	interceptor.classes = null
	internal.leave.group.on.close = true
	isolation.level = read_uncommitted
	key.deserializer = class org.apache.kafka.common.serialization.IntegerDeserializer
	max.partition.fetch.bytes = 1048576
	max.poll.interval.ms = 300000
	max.poll.records = 500
	metadata.max.age.ms = 300000
	metric.reporters = []
	metrics.num.samples = 2
	metrics.recording.level = INFO
	metrics.sample.window.ms = 30000
	partition.assignment.strategy = [class org.apache.kafka.clients.consumer.RangeAssignor]
	receive.buffer.bytes = 65536
	reconnect.backoff.max.ms = 1000
	reconnect.backoff.ms = 50
	request.timeout.ms = 305000
	retry.backoff.ms = 100
	sasl.jaas.config = null
	sasl.kerberos.kinit.cmd = /usr/bin/kinit
	sasl.kerberos.min.time.before.relogin = 60000
	sasl.kerberos.service.name = null
	sasl.kerberos.ticket.renew.jitter = 0.05
	sasl.kerberos.ticket.renew.window.factor = 0.8
	sasl.mechanism = GSSAPI
	security.protocol = PLAINTEXT
	send.buffer.bytes = 131072
	session.timeout.ms = 10000
	ssl.cipher.suites = null
	ssl.enabled.protocols = [TLSv1.2, TLSv1.1, TLSv1]
	ssl.endpoint.identification.algorithm = null
	ssl.key.password = null
	ssl.keymanager.algorithm = SunX509
	ssl.keystore.location = null
	ssl.keystore.password = null
	ssl.keystore.type = JKS
	ssl.protocol = TLS
	ssl.provider = null
	ssl.secure.random.implementation = null
	ssl.trustmanager.algorithm = PKIX
	ssl.truststore.location = null
	ssl.truststore.password = null
	ssl.truststore.type = JKS
	value.deserializer = class org.apache.kafka.common.serialization.ByteArrayDeserializer

03-08 09:48:41 182 main INFO - Kafka version : 1.0.0
03-08 09:48:41 182 main INFO - Kafka commitId : aaa7af6d4a11b29d
03-08 09:48:41 184 main INFO - there are 1 methods have @BinlogListener on This bean 
03-08 09:48:41 189 main INFO - ready to start consumer ,event consumer size 0, binlog consumer size 1
03-08 09:48:41 191 Thread-0 INFO - [KafkaConsumer][eventConsumer111:Binlog][run] 
03-08 09:48:41 204 main INFO - Spring服务启动成功!
03-08 09:48:45 665 main INFO - Refreshing org.springframework.context.support.ClassPathXmlApplicationContext@1184ab05: startup date [Thu Mar 08 09:48:45 CST 2018]; root of context hierarchy
03-08 09:48:45 760 main INFO - Loading XML bean definitions from class path resource [springContext.xml]
03-08 09:52:14 510 main INFO - [KafkaConsumer] [init] kafkaConnect(127.0.0.1:9092) groupId(eventConsumer111) topic(Binlog)
03-08 09:52:14 537 main INFO - ConsumerConfig values: 
	auto.commit.interval.ms = 5000
	auto.offset.reset = latest
	bootstrap.servers = [127.0.0.1:9092]
	check.crcs = true
	client.id = 
	connections.max.idle.ms = 540000
	enable.auto.commit = false
	exclude.internal.topics = true
	fetch.max.bytes = 52428800
	fetch.max.wait.ms = 500
	fetch.min.bytes = 1
	group.id = eventConsumer111
	heartbeat.interval.ms = 3000
	interceptor.classes = null
	internal.leave.group.on.close = true
	isolation.level = read_uncommitted
	key.deserializer = class org.apache.kafka.common.serialization.IntegerDeserializer
	max.partition.fetch.bytes = 1048576
	max.poll.interval.ms = 300000
	max.poll.records = 500
	metadata.max.age.ms = 300000
	metric.reporters = []
	metrics.num.samples = 2
	metrics.recording.level = INFO
	metrics.sample.window.ms = 30000
	partition.assignment.strategy = [class org.apache.kafka.clients.consumer.RangeAssignor]
	receive.buffer.bytes = 65536
	reconnect.backoff.max.ms = 1000
	reconnect.backoff.ms = 50
	request.timeout.ms = 305000
	retry.backoff.ms = 100
	sasl.jaas.config = null
	sasl.kerberos.kinit.cmd = /usr/bin/kinit
	sasl.kerberos.min.time.before.relogin = 60000
	sasl.kerberos.service.name = null
	sasl.kerberos.ticket.renew.jitter = 0.05
	sasl.kerberos.ticket.renew.window.factor = 0.8
	sasl.mechanism = GSSAPI
	security.protocol = PLAINTEXT
	send.buffer.bytes = 131072
	session.timeout.ms = 10000
	ssl.cipher.suites = null
	ssl.enabled.protocols = [TLSv1.2, TLSv1.1, TLSv1]
	ssl.endpoint.identification.algorithm = null
	ssl.key.password = null
	ssl.keymanager.algorithm = SunX509
	ssl.keystore.location = null
	ssl.keystore.password = null
	ssl.keystore.type = JKS
	ssl.protocol = TLS
	ssl.provider = null
	ssl.secure.random.implementation = null
	ssl.trustmanager.algorithm = PKIX
	ssl.truststore.location = null
	ssl.truststore.password = null
	ssl.truststore.type = JKS
	value.deserializer = class org.apache.kafka.common.serialization.ByteArrayDeserializer

03-08 09:52:18 225 main INFO - Refreshing org.springframework.context.support.ClassPathXmlApplicationContext@1184ab05: startup date [Thu Mar 08 09:52:18 CST 2018]; root of context hierarchy
03-08 09:52:18 301 main INFO - Loading XML bean definitions from class path resource [springContext.xml]
03-08 09:52:30 569 main INFO - [KafkaConsumer] [init] kafkaConnect(127.0.0.1:9092) groupId(eventConsumer111) topic(Binlog)
03-08 09:52:30 616 main INFO - ConsumerConfig values: 
	auto.commit.interval.ms = 5000
	auto.offset.reset = latest
	bootstrap.servers = [127.0.0.1:9092]
	check.crcs = true
	client.id = 
	connections.max.idle.ms = 540000
	enable.auto.commit = false
	exclude.internal.topics = true
	fetch.max.bytes = 52428800
	fetch.max.wait.ms = 500
	fetch.min.bytes = 1
	group.id = eventConsumer111
	heartbeat.interval.ms = 3000
	interceptor.classes = null
	internal.leave.group.on.close = true
	isolation.level = read_uncommitted
	key.deserializer = class org.apache.kafka.common.serialization.IntegerDeserializer
	max.partition.fetch.bytes = 1048576
	max.poll.interval.ms = 300000
	max.poll.records = 500
	metadata.max.age.ms = 300000
	metric.reporters = []
	metrics.num.samples = 2
	metrics.recording.level = INFO
	metrics.sample.window.ms = 30000
	partition.assignment.strategy = [class org.apache.kafka.clients.consumer.RangeAssignor]
	receive.buffer.bytes = 65536
	reconnect.backoff.max.ms = 1000
	reconnect.backoff.ms = 50
	request.timeout.ms = 305000
	retry.backoff.ms = 100
	sasl.jaas.config = null
	sasl.kerberos.kinit.cmd = /usr/bin/kinit
	sasl.kerberos.min.time.before.relogin = 60000
	sasl.kerberos.service.name = null
	sasl.kerberos.ticket.renew.jitter = 0.05
	sasl.kerberos.ticket.renew.window.factor = 0.8
	sasl.mechanism = GSSAPI
	security.protocol = PLAINTEXT
	send.buffer.bytes = 131072
	session.timeout.ms = 10000
	ssl.cipher.suites = null
	ssl.enabled.protocols = [TLSv1.2, TLSv1.1, TLSv1]
	ssl.endpoint.identification.algorithm = null
	ssl.key.password = null
	ssl.keymanager.algorithm = SunX509
	ssl.keystore.location = null
	ssl.keystore.password = null
	ssl.keystore.type = JKS
	ssl.protocol = TLS
	ssl.provider = null
	ssl.secure.random.implementation = null
	ssl.trustmanager.algorithm = PKIX
	ssl.truststore.location = null
	ssl.truststore.password = null
	ssl.truststore.type = JKS
	value.deserializer = class org.apache.kafka.common.serialization.ByteArrayDeserializer

03-08 09:52:30 758 main INFO - Kafka version : 1.0.0
03-08 09:52:30 758 main INFO - Kafka commitId : aaa7af6d4a11b29d
03-08 09:52:30 760 main INFO - there are 1 methods have @BinlogListener on This bean 
03-08 09:52:30 762 main INFO - ready to start consumer ,event consumer size 0, binlog consumer size 1
03-08 09:52:30 764 Thread-0 INFO - [KafkaConsumer][eventConsumer111:Binlog][run] 
03-08 09:52:30 775 main INFO - Spring服务启动成功!
03-08 09:52:30 942 Thread-0 INFO - [Consumer clientId=consumer-1, groupId=eventConsumer111] Discovered coordinator 172.26.1.46:9092 (id: 2147483645 rack: null)
03-08 09:52:30 946 Thread-0 INFO - [Consumer clientId=consumer-1, groupId=eventConsumer111] Revoking previously assigned partitions []
03-08 09:52:30 946 Thread-0 INFO - [Consumer clientId=consumer-1, groupId=eventConsumer111] (Re-)joining group
03-08 09:52:30 979 Thread-0 INFO - [Consumer clientId=consumer-1, groupId=eventConsumer111] Successfully joined group with generation 35
03-08 09:52:30 981 Thread-0 INFO - [Consumer clientId=consumer-1, groupId=eventConsumer111] Setting newly assigned partitions [Binlog-0]
03-08 09:53:34 166 Thread-0 INFO - receive message,ready to process, topic: Binlog ,partition: 0 ,offset: 31
03-08 09:53:57 711 Thread-0 INFO - invoke message end ,bean: com.today.event.consumer.EventConsumer@3321d648, method: public void com.today.event.consumer.EventConsumer.binlogListener(java.util.List)
03-08 09:57:12 951 Thread-0 INFO - receive message,ready to process, topic: Binlog ,partition: 0 ,offset: 32
03-08 09:57:20 988 Thread-0 INFO - invoke message end ,bean: com.today.event.consumer.EventConsumer@3321d648, method: public void com.today.event.consumer.EventConsumer.binlogListener(java.util.List)
03-08 10:25:45 305 Thread-0 INFO - receive message,ready to process, topic: Binlog ,partition: 0 ,offset: 33
03-08 13:31:27 809 kafka-coordinator-heartbeat-thread | eventConsumer111 INFO - [Consumer clientId=consumer-1, groupId=eventConsumer111] Marking the coordinator 172.26.1.46:9092 (id: 2147483645 rack: null) dead
03-08 13:31:27 815 Thread-0 INFO - invoke message end ,bean: com.today.event.consumer.EventConsumer@3321d648, method: public void com.today.event.consumer.EventConsumer.binlogListener(java.util.List)
03-08 13:31:27 941 Thread-0 INFO - [Consumer clientId=consumer-1, groupId=eventConsumer111] Discovered coordinator 172.26.1.46:9092 (id: 2147483645 rack: null)
03-08 13:31:27 958 Thread-0 ERROR - [Consumer clientId=consumer-1, groupId=eventConsumer111] Offset commit failed on partition Binlog-0 at offset 34: The coordinator is not aware of this member.
03-08 13:31:27 975 Thread-0 ERROR - commit failed
org.apache.kafka.clients.consumer.CommitFailedException: Commit cannot be completed since the group has already rebalanced and assigned the partitions to another member. This means that the time between subsequent calls to poll() was longer than the configured max.poll.interval.ms, which typically implies that the poll loop is spending too much time message processing. You can address this either by increasing the session timeout or by reducing the maximum size of batches returned in poll() with max.poll.records.
	at org.apache.kafka.clients.consumer.internals.ConsumerCoordinator$OffsetCommitResponseHandler.handle(ConsumerCoordinator.java:786) ~[kafka-clients-1.0.0.jar:na]
	at org.apache.kafka.clients.consumer.internals.ConsumerCoordinator$OffsetCommitResponseHandler.handle(ConsumerCoordinator.java:734) ~[kafka-clients-1.0.0.jar:na]
	at org.apache.kafka.clients.consumer.internals.AbstractCoordinator$CoordinatorResponseHandler.onSuccess(AbstractCoordinator.java:808) ~[kafka-clients-1.0.0.jar:na]
	at org.apache.kafka.clients.consumer.internals.AbstractCoordinator$CoordinatorResponseHandler.onSuccess(AbstractCoordinator.java:788) ~[kafka-clients-1.0.0.jar:na]
	at org.apache.kafka.clients.consumer.internals.RequestFuture$1.onSuccess(RequestFuture.java:204) ~[kafka-clients-1.0.0.jar:na]
	at org.apache.kafka.clients.consumer.internals.RequestFuture.fireSuccess(RequestFuture.java:167) ~[kafka-clients-1.0.0.jar:na]
	at org.apache.kafka.clients.consumer.internals.RequestFuture.complete(RequestFuture.java:127) ~[kafka-clients-1.0.0.jar:na]
	at org.apache.kafka.clients.consumer.internals.ConsumerNetworkClient$RequestFutureCompletionHandler.fireCompletion(ConsumerNetworkClient.java:506) ~[kafka-clients-1.0.0.jar:na]
	at org.apache.kafka.clients.consumer.internals.ConsumerNetworkClient.firePendingCompletedRequests(ConsumerNetworkClient.java:353) ~[kafka-clients-1.0.0.jar:na]
	at org.apache.kafka.clients.consumer.internals.ConsumerNetworkClient.poll(ConsumerNetworkClient.java:268) ~[kafka-clients-1.0.0.jar:na]
	at org.apache.kafka.clients.consumer.internals.ConsumerNetworkClient.poll(ConsumerNetworkClient.java:214) ~[kafka-clients-1.0.0.jar:na]
	at org.apache.kafka.clients.consumer.internals.ConsumerNetworkClient.poll(ConsumerNetworkClient.java:190) ~[kafka-clients-1.0.0.jar:na]
	at org.apache.kafka.clients.consumer.internals.ConsumerCoordinator.commitOffsetsSync(ConsumerCoordinator.java:600) ~[kafka-clients-1.0.0.jar:na]
	at org.apache.kafka.clients.consumer.KafkaConsumer.commitSync(KafkaConsumer.java:1203) ~[kafka-clients-1.0.0.jar:na]
	at com.today.binlog.BinlogKafkaConsumer.run(BinlogKafkaConsumer.java:84) ~[event-bus_2.12-0.1-SNAPSHOT.jar:0.1-SNAPSHOT]
03-08 13:31:27 977 Thread-0 INFO - [Consumer clientId=consumer-1, groupId=eventConsumer111] Revoking previously assigned partitions [Binlog-0]
03-08 13:31:27 977 Thread-0 INFO - [Consumer clientId=consumer-1, groupId=eventConsumer111] (Re-)joining group
03-08 13:31:28 013 Thread-0 INFO - [Consumer clientId=consumer-1, groupId=eventConsumer111] Successfully joined group with generation 37
03-08 13:31:28 014 Thread-0 INFO - [Consumer clientId=consumer-1, groupId=eventConsumer111] Setting newly assigned partitions [Binlog-0]
03-08 13:31:28 022 Thread-0 INFO - receive message,ready to process, topic: Binlog ,partition: 0 ,offset: 33
03-08 13:31:28 035 Thread-0 INFO - invoke message end ,bean: com.today.event.consumer.EventConsumer@3321d648, method: public void com.today.event.consumer.EventConsumer.binlogListener(java.util.List)
03-08 18:41:36 343 kafka-coordinator-heartbeat-thread | eventConsumer111 INFO - [Consumer clientId=consumer-1, groupId=eventConsumer111] Marking the coordinator 172.26.1.46:9092 (id: 2147483645 rack: null) dead
03-08 18:41:36 414 Thread-0 INFO - [Consumer clientId=consumer-1, groupId=eventConsumer111] Discovered coordinator 172.26.1.46:9092 (id: 2147483645 rack: null)
03-08 20:36:54 430 kafka-coordinator-heartbeat-thread | eventConsumer111 INFO - [Consumer clientId=consumer-1, groupId=eventConsumer111] Marking the coordinator 172.26.1.46:9092 (id: 2147483645 rack: null) dead
03-08 20:36:54 445 Thread-0 INFO - [Consumer clientId=consumer-1, groupId=eventConsumer111] Discovered coordinator 172.26.1.46:9092 (id: 2147483645 rack: null)
03-08 20:36:54 446 Thread-0 INFO - [Consumer clientId=consumer-1, groupId=eventConsumer111] Marking the coordinator 172.26.1.46:9092 (id: 2147483645 rack: null) dead
03-08 20:36:54 557 Thread-0 INFO - [Consumer clientId=consumer-1, groupId=eventConsumer111] Discovered coordinator 172.26.1.46:9092 (id: 2147483645 rack: null)
03-08 22:58:45 610 kafka-coordinator-heartbeat-thread | eventConsumer111 INFO - [Consumer clientId=consumer-1, groupId=eventConsumer111] Marking the coordinator 172.26.1.46:9092 (id: 2147483645 rack: null) dead
03-08 22:58:45 619 Thread-0 INFO - [Consumer clientId=consumer-1, groupId=eventConsumer111] Discovered coordinator 172.26.1.46:9092 (id: 2147483645 rack: null)
03-08 22:58:45 620 Thread-0 INFO - [Consumer clientId=consumer-1, groupId=eventConsumer111] Marking the coordinator 172.26.1.46:9092 (id: 2147483645 rack: null) dead
03-08 22:58:45 725 Thread-0 INFO - [Consumer clientId=consumer-1, groupId=eventConsumer111] Discovered coordinator 172.26.1.46:9092 (id: 2147483645 rack: null)
03-08 23:09:42 546 kafka-coordinator-heartbeat-thread | eventConsumer111 INFO - [Consumer clientId=consumer-1, groupId=eventConsumer111] Marking the coordinator 172.26.1.46:9092 (id: 2147483645 rack: null) dead
03-08 23:33:34 812 Thread-0 WARN - [Consumer clientId=consumer-1, groupId=eventConsumer111] Connection to node 2 could not be established. Broker may not be available.
03-08 23:34:52 247 Thread-0 WARN - [Consumer clientId=consumer-1, groupId=eventConsumer111] Connection to node 2 could not be established. Broker may not be available.
03-08 23:36:09 171 Thread-0 WARN - [Consumer clientId=consumer-1, groupId=eventConsumer111] Connection to node 2 could not be established. Broker may not be available.
03-08 23:37:26 320 Thread-0 WARN - [Consumer clientId=consumer-1, groupId=eventConsumer111] Connection to node 2 could not be established. Broker may not be available.
03-08 23:38:43 241 Thread-0 WARN - [Consumer clientId=consumer-1, groupId=eventConsumer111] Connection to node 2 could not be established. Broker may not be available.
03-08 23:40:00 276 Thread-0 WARN - [Consumer clientId=consumer-1, groupId=eventConsumer111] Connection to node 2 could not be established. Broker may not be available.
03-08 23:41:17 221 Thread-0 WARN - [Consumer clientId=consumer-1, groupId=eventConsumer111] Connection to node 2 could not be established. Broker may not be available.
03-08 23:42:33 884 Thread-0 WARN - [Consumer clientId=consumer-1, groupId=eventConsumer111] Connection to node 2 could not be established. Broker may not be available.
03-08 23:43:52 754 Thread-0 WARN - [Consumer clientId=consumer-1, groupId=eventConsumer111] Connection to node 2 could not be established. Broker may not be available.
03-08 23:45:09 459 Thread-0 WARN - [Consumer clientId=consumer-1, groupId=eventConsumer111] Connection to node 2 could not be established. Broker may not be available.
03-08 23:46:26 153 Thread-0 WARN - [Consumer clientId=consumer-1, groupId=eventConsumer111] Connection to node 2 could not be established. Broker may not be available.
03-08 23:47:43 416 Thread-0 WARN - [Consumer clientId=consumer-1, groupId=eventConsumer111] Connection to node 2 could not be established. Broker may not be available.
03-08 23:49:00 036 Thread-0 WARN - [Consumer clientId=consumer-1, groupId=eventConsumer111] Connection to node 2 could not be established. Broker may not be available.
03-08 23:50:16 922 Thread-0 WARN - [Consumer clientId=consumer-1, groupId=eventConsumer111] Connection to node 2 could not be established. Broker may not be available.
03-08 23:51:33 818 Thread-0 WARN - [Consumer clientId=consumer-1, groupId=eventConsumer111] Connection to node 2 could not be established. Broker may not be available.
03-08 23:52:50 413 Thread-0 WARN - [Consumer clientId=consumer-1, groupId=eventConsumer111] Connection to node 2 could not be established. Broker may not be available.
03-08 23:54:07 170 Thread-0 WARN - [Consumer clientId=consumer-1, groupId=eventConsumer111] Connection to node 2 could not be established. Broker may not be available.
03-08 23:55:23 832 Thread-0 WARN - [Consumer clientId=consumer-1, groupId=eventConsumer111] Connection to node 2 could not be established. Broker may not be available.
03-08 23:56:40 526 Thread-0 WARN - [Consumer clientId=consumer-1, groupId=eventConsumer111] Connection to node 2 could not be established. Broker may not be available.
03-08 23:57:57 350 Thread-0 WARN - [Consumer clientId=consumer-1, groupId=eventConsumer111] Connection to node 2 could not be established. Broker may not be available.
03-08 23:59:14 317 Thread-0 WARN - [Consumer clientId=consumer-1, groupId=eventConsumer111] Connection to node 2 could not be established. Broker may not be available.
